2014/04/06 01:04:27 [error] [exception.CException] exception 'CException' with message 'Property "UserIdentity.username" is not defined.' in E:\xampp\htdocs\yii-1.1.14.f0fee9\framework\base\CComponent.php:130
Stack trace:
#0 E:\xampp\htdocs\languageChat\protected\components\UserIdentity.php(25): CComponent->__get('username')
#1 E:\xampp\htdocs\languageChat\protected\models\LoginForm.php(52): UserIdentity->authenticate()
#2 E:\xampp\htdocs\yii-1.1.14.f0fee9\framework\validators\CInlineValidator.php(42): LoginForm->authenticate('password', Array)
#3 E:\xampp\htdocs\yii-1.1.14.f0fee9\framework\validators\CValidator.php(213): CInlineValidator->validateAttribute(Object(LoginForm), 'password')
#4 E:\xampp\htdocs\yii-1.1.14.f0fee9\framework\base\CModel.php(159): CValidator->validate(Object(LoginForm), NULL)
#5 E:\xampp\htdocs\languageChat\protected\controllers\SiteController.php(94): CModel->validate()
#6 E:\xampp\htdocs\yii-1.1.14.f0fee9\framework\web\actions\CInlineAction.php(49): SiteController->actionLogin()
#7 E:\xampp\htdocs\yii-1.1.14.f0fee9\framework\web\CController.php(308): CInlineAction->runWithParams(Array)
#8 E:\xampp\htdocs\yii-1.1.14.f0fee9\framework\web\CController.php(286): CController->runAction(Object(CInlineAction))
#9 E:\xampp\htdocs\yii-1.1.14.f0fee9\framework\web\CController.php(265): CController->runActionWithFilters(Object(CInlineAction), Array)
#10 E:\xampp\htdocs\yii-1.1.14.f0fee9\framework\web\CWebApplication.php(282): CController->run('login')
#11 E:\xampp\htdocs\yii-1.1.14.f0fee9\framework\web\CWebApplication.php(141): CWebApplication->runController('site/login')
#12 E:\xampp\htdocs\yii-1.1.14.f0fee9\framework\base\CApplication.php(180): CWebApplication->processRequest()
#13 E:\xampp\htdocs\languageChat\index.php(13): CApplication->run()
#14 {main}
REQUEST_URI=/languageChat/index.php?r=site/login
HTTP_REFERER=http://localhost/languageChat/index.php?r=site/login
---
2014/04/06 01:05:57 [error] [exception.CException] exception 'CException' with message 'Property "UserIdentity.username" is not defined.' in E:\xampp\htdocs\yii-1.1.14.f0fee9\framework\base\CComponent.php:130
Stack trace:
#0 E:\xampp\htdocs\languageChat\protected\components\UserIdentity.php(25): CComponent->__get('username')
#1 E:\xampp\htdocs\languageChat\protected\models\LoginForm.php(52): UserIdentity->authenticate()
#2 E:\xampp\htdocs\yii-1.1.14.f0fee9\framework\validators\CInlineValidator.php(42): LoginForm->authenticate('password', Array)
#3 E:\xampp\htdocs\yii-1.1.14.f0fee9\framework\validators\CValidator.php(213): CInlineValidator->validateAttribute(Object(LoginForm), 'password')
#4 E:\xampp\htdocs\yii-1.1.14.f0fee9\framework\base\CModel.php(159): CValidator->validate(Object(LoginForm), NULL)
#5 E:\xampp\htdocs\languageChat\protected\controllers\SiteController.php(94): CModel->validate()
#6 E:\xampp\htdocs\yii-1.1.14.f0fee9\framework\web\actions\CInlineAction.php(49): SiteController->actionLogin()
#7 E:\xampp\htdocs\yii-1.1.14.f0fee9\framework\web\CController.php(308): CInlineAction->runWithParams(Array)
#8 E:\xampp\htdocs\yii-1.1.14.f0fee9\framework\web\CController.php(286): CController->runAction(Object(CInlineAction))
#9 E:\xampp\htdocs\yii-1.1.14.f0fee9\framework\web\CController.php(265): CController->runActionWithFilters(Object(CInlineAction), Array)
#10 E:\xampp\htdocs\yii-1.1.14.f0fee9\framework\web\CWebApplication.php(282): CController->run('login')
#11 E:\xampp\htdocs\yii-1.1.14.f0fee9\framework\web\CWebApplication.php(141): CWebApplication->runController('site/login')
#12 E:\xampp\htdocs\yii-1.1.14.f0fee9\framework\base\CApplication.php(180): CWebApplication->processRequest()
#13 E:\xampp\htdocs\languageChat\index.php(13): CApplication->run()
#14 {main}
REQUEST_URI=/languageChat/index.php?r=site/login
HTTP_REFERER=http://localhost/languageChat/index.php?r=site/login
---
2014/04/06 01:06:07 [error] [exception.CException] exception 'CException' with message 'Property "UserIdentity.username" is not defined.' in E:\xampp\htdocs\yii-1.1.14.f0fee9\framework\base\CComponent.php:130
Stack trace:
#0 E:\xampp\htdocs\languageChat\protected\components\UserIdentity.php(25): CComponent->__get('username')
#1 E:\xampp\htdocs\languageChat\protected\models\LoginForm.php(52): UserIdentity->authenticate()
#2 E:\xampp\htdocs\yii-1.1.14.f0fee9\framework\validators\CInlineValidator.php(42): LoginForm->authenticate('password', Array)
#3 E:\xampp\htdocs\yii-1.1.14.f0fee9\framework\validators\CValidator.php(213): CInlineValidator->validateAttribute(Object(LoginForm), 'password')
#4 E:\xampp\htdocs\yii-1.1.14.f0fee9\framework\base\CModel.php(159): CValidator->validate(Object(LoginForm), NULL)
#5 E:\xampp\htdocs\languageChat\protected\controllers\SiteController.php(94): CModel->validate()
#6 E:\xampp\htdocs\yii-1.1.14.f0fee9\framework\web\actions\CInlineAction.php(49): SiteController->actionLogin()
#7 E:\xampp\htdocs\yii-1.1.14.f0fee9\framework\web\CController.php(308): CInlineAction->runWithParams(Array)
#8 E:\xampp\htdocs\yii-1.1.14.f0fee9\framework\web\CController.php(286): CController->runAction(Object(CInlineAction))
#9 E:\xampp\htdocs\yii-1.1.14.f0fee9\framework\web\CController.php(265): CController->runActionWithFilters(Object(CInlineAction), Array)
#10 E:\xampp\htdocs\yii-1.1.14.f0fee9\framework\web\CWebApplication.php(282): CController->run('login')
#11 E:\xampp\htdocs\yii-1.1.14.f0fee9\framework\web\CWebApplication.php(141): CWebApplication->runController('site/login')
#12 E:\xampp\htdocs\yii-1.1.14.f0fee9\framework\base\CApplication.php(180): CWebApplication->processRequest()
#13 E:\xampp\htdocs\languageChat\index.php(13): CApplication->run()
#14 {main}
REQUEST_URI=/languageChat/index.php?r=site/login
HTTP_REFERER=http://localhost/languageChat/index.php?r=site/login
---
2014/04/06 10:43:35 [error] [exception.CDbException] exception 'CDbException' with message 'CDbConnection failed to open the DB connection: SQLSTATE[HY000] [1045] Access denied for user 'root'@'localhost' (using password: YES)' in E:\xampp\htdocs\yii-1.1.14.f0fee9\framework\db\CDbConnection.php:382
Stack trace:
#0 E:\xampp\htdocs\yii-1.1.14.f0fee9\framework\db\CDbConnection.php(330): CDbConnection->open()
#1 E:\xampp\htdocs\yii-1.1.14.f0fee9\framework\db\CDbConnection.php(308): CDbConnection->setActive(true)
#2 E:\xampp\htdocs\yii-1.1.14.f0fee9\framework\base\CModule.php(387): CDbConnection->init()
#3 E:\xampp\htdocs\yii-1.1.14.f0fee9\framework\base\CModule.php(103): CModule->getComponent('db')
#4 E:\xampp\htdocs\yii-1.1.14.f0fee9\framework\gii\generators\model\ModelCode.php(60): CModule->__get('db')
#5 E:\xampp\htdocs\yii-1.1.14.f0fee9\framework\web\CFormModel.php(39): ModelCode->init()
#6 E:\xampp\htdocs\yii-1.1.14.f0fee9\framework\gii\CCodeGenerator.php(153): CFormModel->__construct()
#7 E:\xampp\htdocs\yii-1.1.14.f0fee9\framework\gii\CCodeGenerator.php(63): CCodeGenerator->prepare()
#8 E:\xampp\htdocs\yii-1.1.14.f0fee9\framework\web\actions\CInlineAction.php(49): CCodeGenerator->actionIndex()
#9 E:\xampp\htdocs\yii-1.1.14.f0fee9\framework\web\CController.php(308): CInlineAction->runWithParams(Array)
#10 E:\xampp\htdocs\yii-1.1.14.f0fee9\framework\web\CController.php(286): CController->runAction(Object(CInlineAction))
#11 E:\xampp\htdocs\yii-1.1.14.f0fee9\framework\web\CController.php(265): CController->runActionWithFilters(Object(CInlineAction), Array)
#12 E:\xampp\htdocs\yii-1.1.14.f0fee9\framework\web\CWebApplication.php(282): CController->run('index')
#13 E:\xampp\htdocs\yii-1.1.14.f0fee9\framework\web\CWebApplication.php(141): CWebApplication->runController('gii/model/index')
#14 E:\xampp\htdocs\yii-1.1.14.f0fee9\framework\base\CApplication.php(180): CWebApplication->processRequest()
#15 E:\xampp\htdocs\languageChat\index.php(13): CApplication->run()
#16 {main}
REQUEST_URI=/languageChat/index.php?r=gii/model/index
HTTP_REFERER=http://localhost/languageChat/index.php?r=gii/default/index
---
2014/04/06 10:53:51 [error] [exception.CHttpException.404] exception 'CHttpException' with message 'The system is unable to find the requested action "index".' in E:\xampp\htdocs\yii-1.1.14.f0fee9\framework\web\CController.php:483
Stack trace:
#0 E:\xampp\htdocs\yii-1.1.14.f0fee9\framework\web\CController.php(270): CController->missingAction('index')
#1 E:\xampp\htdocs\yii-1.1.14.f0fee9\framework\web\CWebApplication.php(282): CController->run('index')
#2 E:\xampp\htdocs\yii-1.1.14.f0fee9\framework\web\CWebApplication.php(141): CWebApplication->runController('users/index')
#3 E:\xampp\htdocs\yii-1.1.14.f0fee9\framework\base\CApplication.php(180): CWebApplication->processRequest()
#4 E:\xampp\htdocs\languageChat\index.php(13): CApplication->run()
#5 {main}
REQUEST_URI=/languageChat/index.php?r=users/index
HTTP_REFERER=http://localhost/languageChat/index.php?r=users/create
---
2014/04/06 11:04:33 [error] [exception.CHttpException.404] exception 'CHttpException' with message 'The system is unable to find the requested action "view".' in E:\xampp\htdocs\yii-1.1.14.f0fee9\framework\web\CController.php:483
Stack trace:
#0 E:\xampp\htdocs\yii-1.1.14.f0fee9\framework\web\CController.php(270): CController->missingAction('view')
#1 E:\xampp\htdocs\yii-1.1.14.f0fee9\framework\web\CWebApplication.php(282): CController->run('view')
#2 E:\xampp\htdocs\yii-1.1.14.f0fee9\framework\web\CWebApplication.php(141): CWebApplication->runController('users/view')
#3 E:\xampp\htdocs\yii-1.1.14.f0fee9\framework\base\CApplication.php(180): CWebApplication->processRequest()
#4 E:\xampp\htdocs\languageChat\index.php(13): CApplication->run()
#5 {main}
REQUEST_URI=/languageChat/index.php?r=users/view&id=1
HTTP_REFERER=http://localhost/languageChat/index.php?r=users/create
---
2014/04/06 11:07:34 [error] [exception.CHttpException.404] exception 'CHttpException' with message 'The system is unable to find the requested action "login".' in E:\xampp\htdocs\yii-1.1.14.f0fee9\framework\web\CController.php:483
Stack trace:
#0 E:\xampp\htdocs\yii-1.1.14.f0fee9\framework\web\CController.php(270): CController->missingAction('login')
#1 E:\xampp\htdocs\yii-1.1.14.f0fee9\framework\web\CWebApplication.php(282): CController->run('login')
#2 E:\xampp\htdocs\yii-1.1.14.f0fee9\framework\web\CWebApplication.php(141): CWebApplication->runController('users/login')
#3 E:\xampp\htdocs\yii-1.1.14.f0fee9\framework\base\CApplication.php(180): CWebApplication->processRequest()
#4 E:\xampp\htdocs\languageChat\index.php(13): CApplication->run()
#5 {main}
REQUEST_URI=/languageChat/index.php?r=users/login
HTTP_REFERER=http://localhost/languageChat/index.php?r=users/create
---
2014/04/06 11:11:34 [error] [exception.CException] exception 'CException' with message 'Users has an invalid validation rule. The rule must specify attributes to be validated and the validator name.' in E:\xampp\htdocs\yii-1.1.14.f0fee9\framework\base\CModel.php:289
Stack trace:
#0 E:\xampp\htdocs\yii-1.1.14.f0fee9\framework\base\CModel.php(260): CModel->createValidators()
#1 E:\xampp\htdocs\yii-1.1.14.f0fee9\framework\base\CModel.php(547): CModel->getValidators()
#2 E:\xampp\htdocs\yii-1.1.14.f0fee9\framework\web\widgets\CActiveForm.php(564): CModel->getSafeAttributeNames()
#3 E:\xampp\htdocs\languageChat\protected\views\users\_form.php(26): CActiveForm->errorSummary(Object(Users))
#4 E:\xampp\htdocs\yii-1.1.14.f0fee9\framework\web\CBaseController.php(126): require('E:\xampp\htdocs...')
#5 E:\xampp\htdocs\yii-1.1.14.f0fee9\framework\web\CBaseController.php(95): CBaseController->renderInternal('E:\xampp\htdocs...', Array, true)
#6 E:\xampp\htdocs\yii-1.1.14.f0fee9\framework\web\CController.php(869): CBaseController->renderFile('E:\xampp\htdocs...', Array, true)
#7 E:\xampp\htdocs\languageChat\protected\views\users\create.php(18): CController->renderPartial('_form', Array)
#8 E:\xampp\htdocs\yii-1.1.14.f0fee9\framework\web\CBaseController.php(126): require('E:\xampp\htdocs...')
#9 E:\xampp\htdocs\yii-1.1.14.f0fee9\framework\web\CBaseController.php(95): CBaseController->renderInternal('E:\xampp\htdocs...', Array, true)
#10 E:\xampp\htdocs\yii-1.1.14.f0fee9\framework\web\CController.php(869): CBaseController->renderFile('E:\xampp\htdocs...', Array, true)
#11 E:\xampp\htdocs\yii-1.1.14.f0fee9\framework\web\CController.php(782): CController->renderPartial('create', Array, true)
#12 E:\xampp\htdocs\languageChat\protected\controllers\UsersController.php(69): CController->render('create', Array)
#13 E:\xampp\htdocs\yii-1.1.14.f0fee9\framework\web\actions\CInlineAction.php(49): UsersController->actionCreate()
#14 E:\xampp\htdocs\yii-1.1.14.f0fee9\framework\web\CController.php(308): CInlineAction->runWithParams(Array)
#15 E:\xampp\htdocs\yii-1.1.14.f0fee9\framework\web\filters\CFilterChain.php(133): CController->runAction(Object(CInlineAction))
#16 E:\xampp\htdocs\yii-1.1.14.f0fee9\framework\web\filters\CFilter.php(40): CFilterChain->run()
#17 E:\xampp\htdocs\yii-1.1.14.f0fee9\framework\web\CController.php(1145): CFilter->filter(Object(CFilterChain))
#18 E:\xampp\htdocs\yii-1.1.14.f0fee9\framework\web\filters\CInlineFilter.php(58): CController->filterAccessControl(Object(CFilterChain))
#19 E:\xampp\htdocs\yii-1.1.14.f0fee9\framework\web\filters\CFilterChain.php(130): CInlineFilter->filter(Object(CFilterChain))
#20 E:\xampp\htdocs\yii-1.1.14.f0fee9\framework\web\CController.php(291): CFilterChain->run()
#21 E:\xampp\htdocs\yii-1.1.14.f0fee9\framework\web\CController.php(265): CController->runActionWithFilters(Object(CInlineAction), Array)
#22 E:\xampp\htdocs\yii-1.1.14.f0fee9\framework\web\CWebApplication.php(282): CController->run('create')
#23 E:\xampp\htdocs\yii-1.1.14.f0fee9\framework\web\CWebApplication.php(141): CWebApplication->runController('users/create')
#24 E:\xampp\htdocs\yii-1.1.14.f0fee9\framework\base\CApplication.php(180): CWebApplication->processRequest()
#25 E:\xampp\htdocs\languageChat\index.php(13): CApplication->run()
#26 {main}
REQUEST_URI=/languageChat/index.php?r=users/create
HTTP_REFERER=http://localhost/languageChat/index.php?r=site/login
---
2014/04/06 11:15:35 [error] [exception.CException] exception 'CException' with message 'Property "CEmailValidator.0" is not defined.' in E:\xampp\htdocs\yii-1.1.14.f0fee9\framework\base\CComponent.php:173
Stack trace:
#0 E:\xampp\htdocs\yii-1.1.14.f0fee9\framework\validators\CValidator.php(189): CComponent->__set('0', 'unique')
#1 E:\xampp\htdocs\yii-1.1.14.f0fee9\framework\base\CModel.php(287): CValidator::createValidator('email', Object(Users), 'email', Array)
#2 E:\xampp\htdocs\yii-1.1.14.f0fee9\framework\base\CModel.php(260): CModel->createValidators()
#3 E:\xampp\htdocs\yii-1.1.14.f0fee9\framework\base\CModel.php(547): CModel->getValidators()
#4 E:\xampp\htdocs\yii-1.1.14.f0fee9\framework\web\widgets\CActiveForm.php(564): CModel->getSafeAttributeNames()
#5 E:\xampp\htdocs\languageChat\protected\views\users\_form.php(26): CActiveForm->errorSummary(Object(Users))
#6 E:\xampp\htdocs\yii-1.1.14.f0fee9\framework\web\CBaseController.php(126): require('E:\xampp\htdocs...')
#7 E:\xampp\htdocs\yii-1.1.14.f0fee9\framework\web\CBaseController.php(95): CBaseController->renderInternal('E:\xampp\htdocs...', Array, true)
#8 E:\xampp\htdocs\yii-1.1.14.f0fee9\framework\web\CController.php(869): CBaseController->renderFile('E:\xampp\htdocs...', Array, true)
#9 E:\xampp\htdocs\languageChat\protected\views\users\create.php(18): CController->renderPartial('_form', Array)
#10 E:\xampp\htdocs\yii-1.1.14.f0fee9\framework\web\CBaseController.php(126): require('E:\xampp\htdocs...')
#11 E:\xampp\htdocs\yii-1.1.14.f0fee9\framework\web\CBaseController.php(95): CBaseController->renderInternal('E:\xampp\htdocs...', Array, true)
#12 E:\xampp\htdocs\yii-1.1.14.f0fee9\framework\web\CController.php(869): CBaseController->renderFile('E:\xampp\htdocs...', Array, true)
#13 E:\xampp\htdocs\yii-1.1.14.f0fee9\framework\web\CController.php(782): CController->renderPartial('create', Array, true)
#14 E:\xampp\htdocs\languageChat\protected\controllers\UsersController.php(69): CController->render('create', Array)
#15 E:\xampp\htdocs\yii-1.1.14.f0fee9\framework\web\actions\CInlineAction.php(49): UsersController->actionCreate()
#16 E:\xampp\htdocs\yii-1.1.14.f0fee9\framework\web\CController.php(308): CInlineAction->runWithParams(Array)
#17 E:\xampp\htdocs\yii-1.1.14.f0fee9\framework\web\filters\CFilterChain.php(133): CController->runAction(Object(CInlineAction))
#18 E:\xampp\htdocs\yii-1.1.14.f0fee9\framework\web\filters\CFilter.php(40): CFilterChain->run()
#19 E:\xampp\htdocs\yii-1.1.14.f0fee9\framework\web\CController.php(1145): CFilter->filter(Object(CFilterChain))
#20 E:\xampp\htdocs\yii-1.1.14.f0fee9\framework\web\filters\CInlineFilter.php(58): CController->filterAccessControl(Object(CFilterChain))
#21 E:\xampp\htdocs\yii-1.1.14.f0fee9\framework\web\filters\CFilterChain.php(130): CInlineFilter->filter(Object(CFilterChain))
#22 E:\xampp\htdocs\yii-1.1.14.f0fee9\framework\web\CController.php(291): CFilterChain->run()
#23 E:\xampp\htdocs\yii-1.1.14.f0fee9\framework\web\CController.php(265): CController->runActionWithFilters(Object(CInlineAction), Array)
#24 E:\xampp\htdocs\yii-1.1.14.f0fee9\framework\web\CWebApplication.php(282): CController->run('create')
#25 E:\xampp\htdocs\yii-1.1.14.f0fee9\framework\web\CWebApplication.php(141): CWebApplication->runController('users/create')
#26 E:\xampp\htdocs\yii-1.1.14.f0fee9\framework\base\CApplication.php(180): CWebApplication->processRequest()
#27 E:\xampp\htdocs\languageChat\index.php(13): CApplication->run()
#28 {main}
REQUEST_URI=/languageChat/index.php?r=users/create
HTTP_REFERER=http://localhost/languageChat/index.php?r=site/login
---
2014/04/06 11:18:38 [error] [php] include(username.php): failed to open stream: No such file or directory (E:\xampp\htdocs\yii-1.1.14.f0fee9\framework\YiiBase.php:427)
Stack trace:
#0 E:\xampp\htdocs\yii-1.1.14.f0fee9\framework\validators\CValidator.php(186): import()
#1 E:\xampp\htdocs\yii-1.1.14.f0fee9\framework\base\CModel.php(287): createValidator()
#2 E:\xampp\htdocs\yii-1.1.14.f0fee9\framework\base\CModel.php(260): Users->createValidators()
#3 E:\xampp\htdocs\yii-1.1.14.f0fee9\framework\base\CModel.php(547): Users->getValidators()
#4 E:\xampp\htdocs\yii-1.1.14.f0fee9\framework\base\CModel.php(468): Users->getSafeAttributeNames()
#5 E:\xampp\htdocs\yii-1.1.14.f0fee9\framework\base\CComponent.php(152): Users->setAttributes()
#6 E:\xampp\htdocs\yii-1.1.14.f0fee9\framework\db\ar\CActiveRecord.php(161): Users->__set()
#7 E:\xampp\htdocs\languageChat\protected\controllers\UsersController.php(57): Users->__set()
#8 E:\xampp\htdocs\yii-1.1.14.f0fee9\framework\web\actions\CInlineAction.php(49): UsersController->actionCreate()
#9 E:\xampp\htdocs\yii-1.1.14.f0fee9\framework\web\CController.php(308): CInlineAction->runWithParams()
#10 E:\xampp\htdocs\yii-1.1.14.f0fee9\framework\web\filters\CFilterChain.php(133): UsersController->runAction()
#11 E:\xampp\htdocs\yii-1.1.14.f0fee9\framework\web\filters\CFilter.php(40): CFilterChain->run()
#12 E:\xampp\htdocs\yii-1.1.14.f0fee9\framework\web\CController.php(1145): CAccessControlFilter->filter()
#13 E:\xampp\htdocs\yii-1.1.14.f0fee9\framework\web\filters\CInlineFilter.php(58): UsersController->filterAccessControl()
#14 E:\xampp\htdocs\yii-1.1.14.f0fee9\framework\web\filters\CFilterChain.php(130): CInlineFilter->filter()
#15 E:\xampp\htdocs\yii-1.1.14.f0fee9\framework\web\CController.php(291): CFilterChain->run()
#16 E:\xampp\htdocs\yii-1.1.14.f0fee9\framework\web\CController.php(265): UsersController->runActionWithFilters()
#17 E:\xampp\htdocs\yii-1.1.14.f0fee9\framework\web\CWebApplication.php(282): UsersController->run()
#18 E:\xampp\htdocs\yii-1.1.14.f0fee9\framework\web\CWebApplication.php(141): CWebApplication->runController()
#19 E:\xampp\htdocs\yii-1.1.14.f0fee9\framework\base\CApplication.php(180): CWebApplication->processRequest()
#20 E:\xampp\htdocs\languageChat\index.php(13): CWebApplication->run()
REQUEST_URI=/languageChat/index.php?r=users/create
in E:\xampp\htdocs\languageChat\protected\controllers\UsersController.php (57)
in E:\xampp\htdocs\languageChat\index.php (13)
2014/04/06 11:28:56 [error] [exception.CHttpException.404] exception 'CHttpException' with message 'The system is unable to find the requested action "login".' in E:\xampp\htdocs\yii-1.1.14.f0fee9\framework\web\CController.php:483
Stack trace:
#0 E:\xampp\htdocs\yii-1.1.14.f0fee9\framework\web\CController.php(270): CController->missingAction('login')
#1 E:\xampp\htdocs\yii-1.1.14.f0fee9\framework\web\CWebApplication.php(282): CController->run('login')
#2 E:\xampp\htdocs\yii-1.1.14.f0fee9\framework\web\CWebApplication.php(141): CWebApplication->runController('users/login')
#3 E:\xampp\htdocs\yii-1.1.14.f0fee9\framework\base\CApplication.php(180): CWebApplication->processRequest()
#4 E:\xampp\htdocs\languageChat\index.php(13): CApplication->run()
#5 {main}
REQUEST_URI=/languageChat/index.php?r=users/login
HTTP_REFERER=http://localhost/languageChat/index.php?r=users/create
---
2014/04/06 11:29:05 [error] [exception.CHttpException.404] exception 'CHttpException' with message 'The system is unable to find the requested action "login".' in E:\xampp\htdocs\yii-1.1.14.f0fee9\framework\web\CController.php:483
Stack trace:
#0 E:\xampp\htdocs\yii-1.1.14.f0fee9\framework\web\CController.php(270): CController->missingAction('login')
#1 E:\xampp\htdocs\yii-1.1.14.f0fee9\framework\web\CWebApplication.php(282): CController->run('login')
#2 E:\xampp\htdocs\yii-1.1.14.f0fee9\framework\web\CWebApplication.php(141): CWebApplication->runController('users/login')
#3 E:\xampp\htdocs\yii-1.1.14.f0fee9\framework\base\CApplication.php(180): CWebApplication->processRequest()
#4 E:\xampp\htdocs\languageChat\index.php(13): CApplication->run()
#5 {main}
REQUEST_URI=/languageChat/index.php?r=users/login
HTTP_REFERER=http://localhost/languageChat/index.php?r=users/create
---
2014/04/06 11:35:07 [error] [exception.CException] exception 'CException' with message 'Property "LoginForm.email" is not defined.' in E:\xampp\htdocs\yii-1.1.14.f0fee9\framework\base\CComponent.php:130
Stack trace:
#0 E:\xampp\htdocs\yii-1.1.14.f0fee9\framework\web\helpers\CHtml.php(2529): CComponent->__get('email')
#1 E:\xampp\htdocs\yii-1.1.14.f0fee9\framework\web\helpers\CHtml.php(2252): CHtml::resolveValue(Object(LoginForm), 'email')
#2 E:\xampp\htdocs\yii-1.1.14.f0fee9\framework\web\helpers\CHtml.php(1434): CHtml::activeInputField('text', Object(LoginForm), 'email', Array)
#3 E:\xampp\htdocs\yii-1.1.14.f0fee9\framework\web\widgets\CActiveForm.php(725): CHtml::activeTextField(Object(LoginForm), 'email', Array)
#4 E:\xampp\htdocs\languageChat\protected\views\site\login.php(29): CActiveForm->textField(Object(LoginForm), 'email')
#5 E:\xampp\htdocs\yii-1.1.14.f0fee9\framework\web\CBaseController.php(126): require('E:\xampp\htdocs...')
#6 E:\xampp\htdocs\yii-1.1.14.f0fee9\framework\web\CBaseController.php(95): CBaseController->renderInternal('E:\xampp\htdocs...', Array, true)
#7 E:\xampp\htdocs\yii-1.1.14.f0fee9\framework\web\CController.php(869): CBaseController->renderFile('E:\xampp\htdocs...', Array, true)
#8 E:\xampp\htdocs\yii-1.1.14.f0fee9\framework\web\CController.php(782): CController->renderPartial('login', Array, true)
#9 E:\xampp\htdocs\languageChat\protected\controllers\SiteController.php(98): CController->render('login', Array)
#10 E:\xampp\htdocs\yii-1.1.14.f0fee9\framework\web\actions\CInlineAction.php(49): SiteController->actionLogin()
#11 E:\xampp\htdocs\yii-1.1.14.f0fee9\framework\web\CController.php(308): CInlineAction->runWithParams(Array)
#12 E:\xampp\htdocs\yii-1.1.14.f0fee9\framework\web\CController.php(286): CController->runAction(Object(CInlineAction))
#13 E:\xampp\htdocs\yii-1.1.14.f0fee9\framework\web\CController.php(265): CController->runActionWithFilters(Object(CInlineAction), Array)
#14 E:\xampp\htdocs\yii-1.1.14.f0fee9\framework\web\CWebApplication.php(282): CController->run('login')
#15 E:\xampp\htdocs\yii-1.1.14.f0fee9\framework\web\CWebApplication.php(141): CWebApplication->runController('site/login')
#16 E:\xampp\htdocs\yii-1.1.14.f0fee9\framework\base\CApplication.php(180): CWebApplication->processRequest()
#17 E:\xampp\htdocs\languageChat\index.php(13): CApplication->run()
#18 {main}
REQUEST_URI=/languageChat/index.php?r=site/login
HTTP_REFERER=http://localhost/languageChat/index.php?r=users/login
---
2014/04/06 11:36:01 [error] [php] include(User.php): failed to open stream: No such file or directory (E:\xampp\htdocs\yii-1.1.14.f0fee9\framework\YiiBase.php:427)
Stack trace:
#0 E:\xampp\htdocs\languageChat\protected\components\UserIdentity.php(13): spl_autoload_call()
#1 E:\xampp\htdocs\languageChat\protected\models\LoginForm.php(52): UserIdentity->authenticate()
#2 E:\xampp\htdocs\yii-1.1.14.f0fee9\framework\validators\CInlineValidator.php(42): LoginForm->authenticate()
#3 E:\xampp\htdocs\yii-1.1.14.f0fee9\framework\validators\CValidator.php(213): CInlineValidator->validateAttribute()
#4 E:\xampp\htdocs\yii-1.1.14.f0fee9\framework\base\CModel.php(159): CInlineValidator->validate()
#5 E:\xampp\htdocs\languageChat\protected\controllers\SiteController.php(94): LoginForm->validate()
#6 E:\xampp\htdocs\yii-1.1.14.f0fee9\framework\web\actions\CInlineAction.php(49): SiteController->actionLogin()
#7 E:\xampp\htdocs\yii-1.1.14.f0fee9\framework\web\CController.php(308): CInlineAction->runWithParams()
#8 E:\xampp\htdocs\yii-1.1.14.f0fee9\framework\web\CController.php(286): SiteController->runAction()
#9 E:\xampp\htdocs\yii-1.1.14.f0fee9\framework\web\CController.php(265): SiteController->runActionWithFilters()
#10 E:\xampp\htdocs\yii-1.1.14.f0fee9\framework\web\CWebApplication.php(282): SiteController->run()
#11 E:\xampp\htdocs\yii-1.1.14.f0fee9\framework\web\CWebApplication.php(141): CWebApplication->runController()
#12 E:\xampp\htdocs\yii-1.1.14.f0fee9\framework\base\CApplication.php(180): CWebApplication->processRequest()
#13 E:\xampp\htdocs\languageChat\index.php(13): CWebApplication->run()
REQUEST_URI=/languageChat/index.php?r=site/login
in E:\xampp\htdocs\languageChat\protected\components\UserIdentity.php (13)
in E:\xampp\htdocs\languageChat\protected\models\LoginForm.php (52)
in E:\xampp\htdocs\languageChat\protected\controllers\SiteController.php (94)
2014/04/06 11:36:51 [error] [php] include(User.php): failed to open stream: No such file or directory (E:\xampp\htdocs\yii-1.1.14.f0fee9\framework\YiiBase.php:427)
Stack trace:
#0 E:\xampp\htdocs\languageChat\protected\components\UserIdentity.php(13): spl_autoload_call()
#1 E:\xampp\htdocs\languageChat\protected\models\LoginForm.php(52): UserIdentity->authenticate()
#2 E:\xampp\htdocs\yii-1.1.14.f0fee9\framework\validators\CInlineValidator.php(42): LoginForm->authenticate()
#3 E:\xampp\htdocs\yii-1.1.14.f0fee9\framework\validators\CValidator.php(213): CInlineValidator->validateAttribute()
#4 E:\xampp\htdocs\yii-1.1.14.f0fee9\framework\base\CModel.php(159): CInlineValidator->validate()
#5 E:\xampp\htdocs\languageChat\protected\controllers\SiteController.php(94): LoginForm->validate()
#6 E:\xampp\htdocs\yii-1.1.14.f0fee9\framework\web\actions\CInlineAction.php(49): SiteController->actionLogin()
#7 E:\xampp\htdocs\yii-1.1.14.f0fee9\framework\web\CController.php(308): CInlineAction->runWithParams()
#8 E:\xampp\htdocs\yii-1.1.14.f0fee9\framework\web\CController.php(286): SiteController->runAction()
#9 E:\xampp\htdocs\yii-1.1.14.f0fee9\framework\web\CController.php(265): SiteController->runActionWithFilters()
#10 E:\xampp\htdocs\yii-1.1.14.f0fee9\framework\web\CWebApplication.php(282): SiteController->run()
#11 E:\xampp\htdocs\yii-1.1.14.f0fee9\framework\web\CWebApplication.php(141): CWebApplication->runController()
#12 E:\xampp\htdocs\yii-1.1.14.f0fee9\framework\base\CApplication.php(180): CWebApplication->processRequest()
#13 E:\xampp\htdocs\languageChat\index.php(13): CWebApplication->run()
REQUEST_URI=/languageChat/index.php?r=site/login
in E:\xampp\htdocs\languageChat\protected\components\UserIdentity.php (13)
in E:\xampp\htdocs\languageChat\protected\models\LoginForm.php (52)
in E:\xampp\htdocs\languageChat\protected\controllers\SiteController.php (94)
2014/04/06 11:37:00 [error] [php] include(User.php): failed to open stream: No such file or directory (E:\xampp\htdocs\yii-1.1.14.f0fee9\framework\YiiBase.php:427)
Stack trace:
#0 E:\xampp\htdocs\languageChat\protected\components\UserIdentity.php(13): spl_autoload_call()
#1 E:\xampp\htdocs\languageChat\protected\models\LoginForm.php(52): UserIdentity->authenticate()
#2 E:\xampp\htdocs\yii-1.1.14.f0fee9\framework\validators\CInlineValidator.php(42): LoginForm->authenticate()
#3 E:\xampp\htdocs\yii-1.1.14.f0fee9\framework\validators\CValidator.php(213): CInlineValidator->validateAttribute()
#4 E:\xampp\htdocs\yii-1.1.14.f0fee9\framework\base\CModel.php(159): CInlineValidator->validate()
#5 E:\xampp\htdocs\languageChat\protected\controllers\SiteController.php(94): LoginForm->validate()
#6 E:\xampp\htdocs\yii-1.1.14.f0fee9\framework\web\actions\CInlineAction.php(49): SiteController->actionLogin()
#7 E:\xampp\htdocs\yii-1.1.14.f0fee9\framework\web\CController.php(308): CInlineAction->runWithParams()
#8 E:\xampp\htdocs\yii-1.1.14.f0fee9\framework\web\CController.php(286): SiteController->runAction()
#9 E:\xampp\htdocs\yii-1.1.14.f0fee9\framework\web\CController.php(265): SiteController->runActionWithFilters()
#10 E:\xampp\htdocs\yii-1.1.14.f0fee9\framework\web\CWebApplication.php(282): SiteController->run()
#11 E:\xampp\htdocs\yii-1.1.14.f0fee9\framework\web\CWebApplication.php(141): CWebApplication->runController()
#12 E:\xampp\htdocs\yii-1.1.14.f0fee9\framework\base\CApplication.php(180): CWebApplication->processRequest()
#13 E:\xampp\htdocs\languageChat\index.php(13): CWebApplication->run()
REQUEST_URI=/languageChat/index.php?r=site/login
in E:\xampp\htdocs\languageChat\protected\components\UserIdentity.php (13)
in E:\xampp\htdocs\languageChat\protected\models\LoginForm.php (52)
in E:\xampp\htdocs\languageChat\protected\controllers\SiteController.php (94)
2014/04/06 11:52:45 [error] [exception.CHttpException.404] exception 'CHttpException' with message 'The system is unable to find the requested action "register".' in E:\xampp\htdocs\yii-1.1.14.f0fee9\framework\web\CController.php:483
Stack trace:
#0 E:\xampp\htdocs\yii-1.1.14.f0fee9\framework\web\CController.php(270): CController->missingAction('register')
#1 E:\xampp\htdocs\yii-1.1.14.f0fee9\framework\web\CWebApplication.php(282): CController->run('register')
#2 E:\xampp\htdocs\yii-1.1.14.f0fee9\framework\web\CWebApplication.php(141): CWebApplication->runController('site/register')
#3 E:\xampp\htdocs\yii-1.1.14.f0fee9\framework\base\CApplication.php(180): CWebApplication->processRequest()
#4 E:\xampp\htdocs\languageChat\index.php(13): CApplication->run()
#5 {main}
REQUEST_URI=/languageChat/index.php?r=site/register
HTTP_REFERER=http://localhost/languageChat/index.php?r=site/login
---
2014/04/06 11:52:47 [error] [exception.CHttpException.404] exception 'CHttpException' with message 'The system is unable to find the requested action "register".' in E:\xampp\htdocs\yii-1.1.14.f0fee9\framework\web\CController.php:483
Stack trace:
#0 E:\xampp\htdocs\yii-1.1.14.f0fee9\framework\web\CController.php(270): CController->missingAction('register')
#1 E:\xampp\htdocs\yii-1.1.14.f0fee9\framework\web\CWebApplication.php(282): CController->run('register')
#2 E:\xampp\htdocs\yii-1.1.14.f0fee9\framework\web\CWebApplication.php(141): CWebApplication->runController('site/register')
#3 E:\xampp\htdocs\yii-1.1.14.f0fee9\framework\base\CApplication.php(180): CWebApplication->processRequest()
#4 E:\xampp\htdocs\languageChat\index.php(13): CApplication->run()
#5 {main}
REQUEST_URI=/languageChat/index.php?r=site/register
HTTP_REFERER=http://localhost/languageChat/index.php?r=site/register
---
2014/04/06 11:53:00 [error] [exception.CHttpException.404] exception 'CHttpException' with message 'The system is unable to find the requested action "register".' in E:\xampp\htdocs\yii-1.1.14.f0fee9\framework\web\CController.php:483
Stack trace:
#0 E:\xampp\htdocs\yii-1.1.14.f0fee9\framework\web\CController.php(270): CController->missingAction('register')
#1 E:\xampp\htdocs\yii-1.1.14.f0fee9\framework\web\CWebApplication.php(282): CController->run('register')
#2 E:\xampp\htdocs\yii-1.1.14.f0fee9\framework\web\CWebApplication.php(141): CWebApplication->runController('site/register')
#3 E:\xampp\htdocs\yii-1.1.14.f0fee9\framework\base\CApplication.php(180): CWebApplication->processRequest()
#4 E:\xampp\htdocs\languageChat\index.php(13): CApplication->run()
#5 {main}
REQUEST_URI=/languageChat/index.php?r=site/register
HTTP_REFERER=http://localhost/languageChat/index.php?r=site/register
---
2014/04/06 13:11:34 [error] [exception.CHttpException.403] exception 'CHttpException' with message 'You are not authorized to perform this action.' in E:\xampp\htdocs\yii-1.1.14.f0fee9\framework\web\auth\CAccessControlFilter.php:182
Stack trace:
#0 E:\xampp\htdocs\yii-1.1.14.f0fee9\framework\web\auth\CAccessControlFilter.php(145): CAccessControlFilter->accessDenied(Object(CWebUser), 'You are not aut...')
#1 E:\xampp\htdocs\yii-1.1.14.f0fee9\framework\web\filters\CFilter.php(38): CAccessControlFilter->preFilter(Object(CFilterChain))
#2 E:\xampp\htdocs\yii-1.1.14.f0fee9\framework\web\CController.php(1145): CFilter->filter(Object(CFilterChain))
#3 E:\xampp\htdocs\yii-1.1.14.f0fee9\framework\web\filters\CInlineFilter.php(58): CController->filterAccessControl(Object(CFilterChain))
#4 E:\xampp\htdocs\yii-1.1.14.f0fee9\framework\web\filters\CFilterChain.php(130): CInlineFilter->filter(Object(CFilterChain))
#5 E:\xampp\htdocs\yii-1.1.14.f0fee9\framework\web\CController.php(291): CFilterChain->run()
#6 E:\xampp\htdocs\yii-1.1.14.f0fee9\framework\web\CController.php(265): CController->runActionWithFilters(Object(CInlineAction), Array)
#7 E:\xampp\htdocs\yii-1.1.14.f0fee9\framework\web\CWebApplication.php(282): CController->run('logout')
#8 E:\xampp\htdocs\yii-1.1.14.f0fee9\framework\web\CWebApplication.php(141): CWebApplication->runController('site/logout')
#9 E:\xampp\htdocs\yii-1.1.14.f0fee9\framework\base\CApplication.php(180): CWebApplication->processRequest()
#10 E:\xampp\htdocs\languageChat\index.php(13): CApplication->run()
#11 {main}
REQUEST_URI=/languageChat/index.php?r=site/logout
HTTP_REFERER=http://localhost/languageChat/index.php?r=site/chat
---
